TN:
SF:scripts/copy-dylibs.js
FN:22,(anonymous_0)
FNF:1
FNH:1
FNDA:30,(anonymous_0)
DA:1,10
DA:2,10
DA:3,10
DA:6,10
DA:7,10
DA:10,10
DA:11,3
DA:15,10
DA:22,10
DA:23,30
DA:24,30
DA:26,30
DA:27,19
DA:28,19
DA:31,19
DA:33,19
DA:36,18
DA:37,5
DA:38,5
DA:41,18
DA:43,1
DA:46,11
DA:50,10
LF:23
LH:23
BRDA:10,0,0,3
BRDA:10,0,1,7
BRDA:26,1,0,19
BRDA:26,1,1,11
BRDA:36,2,0,5
BRDA:36,2,1,13
BRF:6
BRH:6
end_of_record
TN:
SF:src/main.js
FN:17,createWindow
FN:39,(anonymous_1)
FN:44,(anonymous_2)
FN:48,(anonymous_3)
FN:56,(anonymous_4)
FN:65,(anonymous_5)
FN:87,(anonymous_6)
FN:88,(anonymous_7)
FN:108,(anonymous_8)
FN:122,(anonymous_9)
FNF:10
FNH:9
FNDA:2,createWindow
FNDA:0,(anonymous_1)
FNDA:1,(anonymous_2)
FNDA:1,(anonymous_3)
FNDA:2,(anonymous_4)
FNDA:5,(anonymous_5)
FNDA:4,(anonymous_6)
FNDA:3,(anonymous_7)
FNDA:3,(anonymous_8)
FNDA:6,(anonymous_9)
DA:1,1
DA:2,1
DA:3,1
DA:7,1
DA:8,1
DA:9,1
DA:11,0
DA:12,0
DA:18,2
DA:19,2
DA:29,2
DA:30,2
DA:33,2
DA:34,0
DA:35,0
DA:39,2
DA:40,0
DA:44,1
DA:45,1
DA:46,1
DA:48,1
DA:49,1
DA:50,1
DA:51,1
DA:56,1
DA:57,2
DA:58,2
DA:59,1
DA:60,1
DA:65,1
DA:66,5
DA:70,5
DA:72,5
DA:73,1
DA:74,1
DA:75,1
DA:79,5
DA:80,1
DA:81,1
DA:84,4
DA:87,4
DA:88,4
DA:89,3
DA:90,1
DA:91,1
DA:93,2
DA:94,2
DA:99,2
DA:100,2
DA:102,3
DA:103,3
DA:108,1
DA:109,3
DA:111,3
DA:112,3
DA:113,2
DA:114,2
DA:116,1
DA:117,1
DA:122,1
DA:123,6
DA:125,6
DA:126,6
DA:133,5
DA:134,1
DA:135,1
DA:138,4
DA:139,4
DA:141,1
DA:142,1
LF:70
LH:65
BRDA:33,0,0,0
BRDA:33,0,1,2
BRDA:49,1,0,1
BRDA:49,1,1,0
BRDA:58,2,0,1
BRDA:58,2,1,1
BRDA:68,3,0,0
BRDA:68,3,1,5
BRDA:72,4,0,1
BRDA:72,4,1,4
BRDA:79,5,0,1
BRDA:79,5,1,4
BRDA:89,6,0,1
BRDA:89,6,1,2
BRDA:133,7,0,1
BRDA:133,7,1,4
BRDA:133,8,0,5
BRDA:133,8,1,2
BRF:18
BRH:15
end_of_record
TN:
SF:src/preload.js
FN:5,(anonymous_0)
FN:8,(anonymous_1)
FN:11,(anonymous_2)
FNF:3
FNH:3
FNDA:3,(anonymous_0)
FNDA:4,(anonymous_1)
FNDA:3,(anonymous_2)
DA:1,1
DA:4,1
DA:6,3
DA:9,4
DA:12,3
LF:5
LH:5
BRF:0
BRH:0
end_of_record
TN:
SF:src/renderer.js
FN:16,(anonymous_0)
FN:40,(anonymous_1)
FN:44,(anonymous_2)
FN:77,setProcessing
FN:84,updateStatus
FN:89,handleError
FN:96,startLogPolling
FN:114,stopLogPolling
FN:121,updateWorkerLog
FNF:9
FNH:9
FNDA:5,(anonymous_0)
FNDA:17,(anonymous_1)
FNDA:14,(anonymous_2)
FNDA:24,setProcessing
FNDA:60,updateStatus
FNDA:3,handleError
FNDA:12,startLogPolling
FNDA:24,stopLogPolling
FNDA:12,updateWorkerLog
DA:2,24
DA:3,24
DA:4,24
DA:5,24
DA:6,24
DA:7,24
DA:8,24
DA:9,24
DA:12,24
DA:13,24
DA:16,24
DA:17,5
DA:18,5
DA:19,5
DA:21,4
DA:22,3
DA:25,3
DA:26,3
DA:28,3
DA:29,3
DA:31,3
DA:33,1
DA:36,1
DA:40,24
DA:41,17
DA:44,24
DA:45,14
DA:46,14
DA:48,14
DA:49,2
DA:50,2
DA:53,12
DA:54,12
DA:55,12
DA:58,12
DA:60,12
DA:63,10
DA:65,10
DA:66,10
DA:68,2
DA:69,2
DA:70,2
DA:72,12
DA:78,24
DA:79,24
DA:80,24
DA:81,24
DA:85,60
DA:86,60
DA:90,3
DA:91,3
DA:92,3
DA:98,12
DA:101,12
DA:102,11
DA:103,11
DA:104,11
DA:105,11
DA:106,11
DA:110,12
DA:111,12
DA:115,24
DA:116,12
DA:117,12
DA:122,12
DA:123,12
DA:124,11
DA:125,11
DA:126,11
DA:127,11
DA:130,1
DA:135,24
DA:136,24
LF:73
LH:73
BRDA:21,0,0,3
BRDA:21,0,1,1
BRDA:41,1,0,17
BRDA:41,1,1,14
BRDA:41,1,2,13
BRDA:48,2,0,2
BRDA:48,2,1,12
BRDA:48,3,0,14
BRDA:48,3,1,13
BRDA:69,4,0,2
BRDA:69,4,1,0
BRDA:90,5,0,3
BRDA:90,5,1,0
BRDA:101,6,0,11
BRDA:101,6,1,1
BRDA:115,7,0,12
BRDA:115,7,1,12
BRDA:125,8,0,11
BRDA:125,8,1,0
BRF:19
BRH:16
end_of_record
